<?xml version="1.0" encoding="UTF-8"?>
<!-- Generated by org.testng.reporters.JUnitXMLReporter -->
<testsuite ignored="0" hostname="DESKTOP-S8DN252" failures="1" tests="5" name="Test" time="57.566" errors="0" timestamp="2021-07-30T09:20:20 IST">
  <testcase classname="com.cognizant.projects.Testing.MainTesting" name="showBookShelves" time="15.84"/>
  <testcase classname="com.cognizant.projects.Testing.MainTesting" name="getFirstThreeBookshelves" time="22.241"/>
  <testcase classname="com.cognizant.projects.Testing.MainTesting" name="getGiftCards" time="15.589"/>
  <testcase classname="com.cognizant.projects.Testing.MainTesting" name="getListOfSubmenuItems" time="3.478"/>
  <testcase classname="com.cognizant.projects.Testing.MainTesting" name="emailEnterdisWrong" time="0.116">
    <failure type="junit.framework.AssertionFailedError">
      <![CDATA[junit.framework.AssertionFailedError
at junit.framework.Assert.fail(Assert.java:47)
at junit.framework.Assert.assertTrue(Assert.java:20)
at junit.framework.Assert.assertTrue(Assert.java:27)
at com.cognizant.projects.Testing.MainTesting.emailEnterdisWrong(MainTesting.java:106)
at java.base/java.util.ArrayList.forEach(ArrayList.java:1511)
... Removed 27 stack frames]]>
    </failure>
  </testcase> <!-- emailEnterdisWrong -->
</testsuite> <!-- Test -->
