<?xml version="1.0" encoding="UTF-8"?>
<!-- Generated by org.testng.reporters.JUnitXMLReporter -->
<testsuite ignored="0" hostname="DESKTOP-S8DN252" failures="0" tests="4" name="Test 01" time="35.507" errors="0" timestamp="2021-07-22T14:35:20 IST">
  <testcase classname="com.cognizant.projects.Testing.MainTesting" name="showBookShelves" time="11.758"/>
  <testcase classname="com.cognizant.projects.Testing.MainTesting" name="getFirstThreeBookshelves" time="1.081"/>
  <testcase classname="com.cognizant.projects.Testing.MainTesting" name="getGiftCards" time="19.095"/>
  <testcase classname="com.cognizant.projects.Testing.MainTesting" name="getListOfSubmenuItems" time="3.399"/>
</testsuite> <!-- Test 01 -->
