<?xml version="1.0" encoding="UTF-8"?>
<testng-results skipped="0" failed="0" total="5" passed="5">
  <reporter-output>
  </reporter-output>
  <suite name="Suite" duration-ms="53015" started-at="2021-10-03T15:03:00Z" finished-at="2021-10-03T15:03:53Z">
    <groups>
    </groups>
    <test name="Test" duration-ms="53015" started-at="2021-10-03T15:03:00Z" finished-at="2021-10-03T15:03:53Z">
      <class name="com.cognizant.projects.Testing.MainTesting">
        <test-method status="PASS" signature="setDriver(java.lang.String, java.lang.String)" name="setDriver" is-config="true" duration-ms="10162" started-at="2021-10-03T15:02:50Z" finished-at="2021-10-03T15:03:00Z">
          <params>
            <param index="0">
              <value>
                <![CDATA[Windows]]>
              </value>
            </param>
            <param index="1">
              <value>
                <![CDATA[chrome]]>
              </value>
            </param>
          </params>
        </test-method>
        <test-method status="PASS" signature="startTest()" name="startTest" is-config="true" duration-ms="4" started-at="2021-10-03T15:03:00Z" finished-at="2021-10-03T15:03:00Z">
        </test-method>
        <test-method status="PASS" signature="getGiftCards()" name="getGiftCards" duration-ms="23850" started-at="2021-10-03T15:03:00Z" finished-at="2021-10-03T15:03:24Z">
        </test-method>
        <test-method status="PASS" signature="getListOfSubmenuItems()" name="getListOfSubmenuItems" duration-ms="4900" started-at="2021-10-03T15:03:24Z" depends-on-methods="com.cognizant.projects.Testing.MainTesting.getGiftCards" finished-at="2021-10-03T15:03:28Z">
        </test-method>
        <test-method status="PASS" signature="showBookShelves()" name="showBookShelves" duration-ms="4913" started-at="2021-10-03T15:03:28Z" finished-at="2021-10-03T15:03:33Z">
        </test-method>
        <test-method status="PASS" signature="getFirstThreeBookshelves()" name="getFirstThreeBookshelves" duration-ms="19319" started-at="2021-10-03T15:03:33Z" finished-at="2021-10-03T15:03:53Z">
        </test-method>
        <test-method status="PASS" signature="emailEnterdisWrong()" name="emailEnterdisWrong" duration-ms="17" started-at="2021-10-03T15:03:53Z" finished-at="2021-10-03T15:03:53Z">
        </test-method>
        <test-method status="PASS" signature="closeBrowser()" name="closeBrowser" is-config="true" duration-ms="5697" started-at="2021-10-03T15:03:53Z" finished-at="2021-10-03T15:03:58Z">
        </test-method>
      </class>
    </test>
  </suite>
</testng-results>
